2018-04-07T22:48:52.354Z - info: User function triggered, starting execution
2018-04-07T22:48:53.171Z - info: Execution took 819 ms, user function completed successfully
2018-04-07T22:53:26.604Z - info: User function triggered, starting execution
2018-04-07T22:53:26.612Z - info: Execution took 8 ms, user function completed successfully
2018-04-07T22:56:46.930Z - info: User function triggered, starting execution
2018-04-07T22:56:46.934Z - info: Execution took 3 ms, user function completed successfully
2018-04-07T22:59:09.326Z - info: User function triggered, starting execution
2018-04-07T22:59:09.329Z - info: Execution took 1 ms, user function completed successfully
2018-04-07T23:07:27.738Z - info: User function triggered, starting execution
2018-04-07T23:07:27.741Z - info: Execution took 2 ms, user function completed successfully
2018-04-07T23:08:17.182Z - info: User function triggered, starting execution
2018-04-07T23:08:17.186Z - info: Execution took 2 ms, user function completed successfully
2018-04-07T23:12:44.284Z - info: User function triggered, starting execution
2018-04-07T23:12:44.287Z - info: Execution took 2 ms, user function completed successfully
2018-04-07T23:18:47.300Z - info: User function triggered, starting execution
2018-04-07T23:18:47.306Z - info: Execution took 5 ms, user function completed successfully
2018-04-07T23:20:29.253Z - info: User function triggered, starting execution
2018-04-07T23:20:29.255Z - info: Execution took 2 ms, user function completed successfully
2018-04-07T23:21:27.276Z - info: User function triggered, starting execution
2018-04-07T23:21:27.278Z - info: Execution took 2 ms, user function completed successfully
2018-04-07T23:21:44.730Z - info: User function triggered, starting execution
2018-04-07T23:21:44.735Z - info: Execution took 3 ms, user function completed successfully
2018-04-07T23:22:39.586Z - info: User function triggered, starting execution
2018-04-07T23:22:39.589Z - info: Execution took 2 ms, user function completed successfully
2018-04-07T23:24:46.142Z - info: User function triggered, starting execution
2018-04-07T23:24:46.144Z - info: Execution took 2 ms, user function completed successfully
2018-04-07T23:25:14.536Z - info: User function triggered, starting execution
2018-04-07T23:25:14.539Z - info: Execution took 2 ms, user function completed successfully
2018-04-07T23:25:25.719Z - info: User function triggered, starting execution
2018-04-07T23:25:25.723Z - info: Execution took 1 ms, user function completed successfully
2018-04-07T23:25:52.612Z - info: User function triggered, starting execution
2018-04-07T23:25:52.617Z - info: Execution took 3 ms, user function completed successfully
2018-04-07T23:27:13.366Z - info: User function triggered, starting execution
2018-04-07T23:27:13.374Z - info: Execution took 5 ms, user function completed successfully
2018-04-07T23:29:32.411Z - info: User function triggered, starting execution
2018-04-07T23:29:32.414Z - info: Execution took 3 ms, user function completed successfully
2018-04-07T23:32:20.033Z - info: User function triggered, starting execution
2018-04-07T23:32:20.036Z - info: Execution took 2 ms, user function completed successfully
2018-04-07T23:34:22.230Z - info: User function triggered, starting execution
2018-04-07T23:34:22.233Z - info: Execution took 3 ms, user function completed successfully
2018-04-07T23:39:13.688Z - info: User function triggered, starting execution
2018-04-07T23:39:13.891Z - info: Execution took 202 ms, user function completed successfully
2018-04-07T23:53:04.369Z - info: User function triggered, starting execution
2018-04-07T23:53:04.454Z - info: Execution took 85 ms, user function completed successfully
2018-04-07T23:55:03.919Z - info: User function triggered, starting execution
2018-04-07T23:55:03.935Z - info: Execution took 13 ms, user function completed successfully
2018-04-07T23:55:47.928Z - info: User function triggered, starting execution
2018-04-07T23:55:47.938Z - info: Execution took 8 ms, user function completed successfully
2018-04-07T23:56:23.784Z - info: User function triggered, starting execution
2018-04-07T23:56:23.799Z - info: Execution took 12 ms, user function completed successfully
2018-04-07T23:57:56.873Z - info: User function triggered, starting execution
2018-04-07T23:57:56.897Z - info: Execution took 18 ms, user function completed successfully
2018-04-08T00:02:37.872Z - info: User function triggered, starting execution
2018-04-08T00:02:37.880Z - info: Execution took 6 ms, user function completed successfully
2018-04-08T00:05:57.253Z - info: User function triggered, starting execution
2018-04-08T00:05:57.255Z - info: Execution took 2 ms, user function completed successfully
2018-04-08T00:06:12.314Z - info: User function triggered, starting execution
2018-04-08T00:06:12.316Z - info: Execution took 3 ms, user function completed successfully
2018-04-08T00:06:19.372Z - info: User function triggered, starting execution
2018-04-08T00:06:19.378Z - info: Execution took 2 ms, user function completed successfully
2018-04-08T00:08:58.170Z - info: User function triggered, starting execution
2018-04-08T00:08:58.172Z - info: Execution took 2 ms, user function completed successfully
2018-04-08T00:10:03.638Z - info: Worker for app closed due to file changes.
2018-04-08T00:10:26.269Z - info: User function triggered, starting execution
2018-04-08T00:10:26.346Z - info: Execution took 79 ms, user function completed successfully
2018-04-08T00:10:26.466Z - info: User function triggered, starting execution
2018-04-08T00:10:26.471Z - info: Execution took 4 ms, user function completed successfully
2018-04-08T00:10:26.654Z - info: User function triggered, starting execution
2018-04-08T00:10:26.656Z - info: Execution took 0 ms, user function completed successfully
2018-04-08T00:12:23.467Z - info: User function triggered, starting execution
2018-04-08T00:12:23.483Z - info: Execution took 13 ms, user function completed successfully
2018-04-08T00:12:23.613Z - info: User function triggered, starting execution
2018-04-08T00:12:23.617Z - info: Execution took 1 ms, user function completed successfully
2018-04-08T00:12:23.760Z - info: User function triggered, starting execution
2018-04-08T00:12:23.762Z - info: Execution took 2 ms, user function completed successfully
2018-04-08T00:13:11.970Z - info: User function triggered, starting execution
2018-04-08T00:13:11.982Z - info: Execution took 9 ms, user function completed successfully
2018-04-08T00:13:12.104Z - info: User function triggered, starting execution
2018-04-08T00:13:12.106Z - info: Execution took 1 ms, user function completed successfully
2018-04-08T00:13:12.237Z - info: User function triggered, starting execution
2018-04-08T00:13:12.239Z - info: Execution took 1 ms, user function completed successfully
2018-04-08T00:14:29.746Z - info: User function triggered, starting execution
2018-04-08T00:14:29.848Z - info: Execution took 102 ms, user function completed successfully
2018-04-08T00:14:30.002Z - info: User function triggered, starting execution
2018-04-08T00:14:30.013Z - info: Execution took 5 ms, user function completed successfully
2018-04-08T00:14:30.193Z - info: User function triggered, starting execution
2018-04-08T00:14:30.198Z - info: Execution took 1 ms, user function completed successfully
2018-04-08T00:15:24.506Z - info: Worker for app closed due to file changes.
2018-04-08T00:16:34.443Z - info: User function triggered, starting execution
2018-04-08T00:16:34.539Z - info: Execution took 96 ms, user function completed successfully
2018-04-08T00:16:34.919Z - info: User function triggered, starting execution
2018-04-08T00:16:34.993Z - info: Execution took 3 ms, user function completed successfully
2018-04-08T00:16:53.196Z - info: User function triggered, starting execution
2018-04-08T00:16:53.207Z - info: Execution took 11 ms, user function completed successfully
2018-04-08T00:17:59.058Z - info: User function triggered, starting execution
2018-04-08T00:17:59.069Z - info: Execution took 8 ms, user function completed successfully
2018-04-08T00:17:59.227Z - info: User function triggered, starting execution
2018-04-08T00:17:59.229Z - info: Execution took 1 ms, user function completed successfully
2018-04-08T00:17:59.372Z - info: User function triggered, starting execution
Execution took 1 ms, user function completed successfully
2018-04-08T00:19:08.458Z - info: Worker for app closed due to file changes.
2018-04-08T00:19:37.621Z - info: User function triggered, starting execution
2018-04-08T00:19:37.713Z - info: Execution took 93 ms, user function completed successfully
2018-04-08T00:19:37.914Z - info: User function triggered, starting execution
Execution took 3 ms, user function completed successfully
2018-04-08T00:19:38.094Z - info: User function triggered, starting execution
2018-04-08T00:19:38.095Z - info: Execution took 1 ms, user function completed successfully
2018-04-08T00:20:28.381Z - info: Worker for app closed due to file changes.
2018-04-08T00:20:34.447Z - info: User function triggered, starting execution
2018-04-08T00:20:34.531Z - info: Execution took 84 ms, user function completed successfully
2018-04-08T00:20:34.680Z - info: User function triggered, starting execution
2018-04-08T00:20:34.686Z - info: Execution took 5 ms, user function completed successfully
2018-04-08T00:20:34.826Z - info: User function triggered, starting execution
2018-04-08T00:20:34.828Z - info: Execution took 1 ms, user function completed successfully
2018-04-08T00:23:03.252Z - info: Worker for app closed due to file changes.
2018-04-08T00:23:42.143Z - info: User function triggered, starting execution
2018-04-08T00:23:42.239Z - info: Execution took 97 ms, user function completed successfully
2018-04-08T00:23:42.407Z - info: User function triggered, starting execution
2018-04-08T00:23:42.417Z - info: Execution took 5 ms, user function completed successfully
2018-04-08T00:23:42.580Z - info: User function triggered, starting execution
Execution took 1 ms, user function completed successfully
2018-04-08T00:36:54.759Z - info: User function triggered, starting execution
2018-04-08T00:36:54.914Z - info: Execution took 137 ms, user function completed successfully
2018-04-08T00:36:55.078Z - info: User function triggered, starting execution
2018-04-08T00:36:55.087Z - info: Execution took 8 ms, user function completed successfully
2018-04-08T00:36:55.245Z - info: User function triggered, starting execution
2018-04-08T00:36:55.252Z - info: Execution took 1 ms, user function completed successfully
2018-04-08T00:48:43.617Z - info: User function triggered, starting execution
2018-04-08T00:48:43.739Z - info: Execution took 129 ms, user function completed successfully
2018-04-08T00:48:43.888Z - info: User function triggered, starting execution
2018-04-08T00:48:43.897Z - info: Execution took 5 ms, user function completed successfully
2018-04-08T00:48:44.234Z - info: User function triggered, starting execution
2018-04-08T00:48:44.237Z - info: Execution took 2 ms, user function completed successfully
2018-04-08T00:56:38.139Z - info: User function triggered, starting execution
2018-04-08T00:56:38.292Z - info: Execution took 155 ms, user function completed successfully
2018-04-08T00:56:38.539Z - info: User function triggered, starting execution
2018-04-08T00:56:38.554Z - info: Execution took 5 ms, user function completed successfully
2018-04-08T00:56:38.795Z - info: User function triggered, starting execution
Execution took 1 ms, user function completed successfully
2018-04-08T00:59:21.993Z - info: User function triggered, starting execution
2018-04-08T00:59:22.006Z - info: Execution took 9 ms, user function completed successfully
2018-04-08T00:59:22.197Z - info: User function triggered, starting execution
2018-04-08T00:59:22.202Z - info: Execution took 2 ms, user function completed successfully
2018-04-08T00:59:22.393Z - info: User function triggered, starting execution
Execution took 1 ms, user function completed successfully
2018-04-08T01:01:16.505Z - info: User function triggered, starting execution
2018-04-08T01:01:16.521Z - info: Execution took 15 ms, user function completed successfully
2018-04-08T01:01:16.689Z - info: User function triggered, starting execution
2018-04-08T01:01:16.700Z - info: Execution took 1 ms, user function completed successfully
2018-04-08T01:01:16.869Z - info: User function triggered, starting execution
2018-04-08T01:01:16.870Z - info: Execution took 1 ms, user function completed successfully
2018-04-08T01:01:50.188Z - info: User function triggered, starting execution
Execution took 4 ms, user function completed successfully
2018-04-08T01:01:50.346Z - info: User function triggered, starting execution
2018-04-08T01:01:50.348Z - info: Execution took 1 ms, user function completed successfully
2018-04-08T01:01:50.532Z - info: User function triggered, starting execution
Execution took 1 ms, user function completed successfully
2018-04-08T01:01:51.641Z - info: User function triggered, starting execution
Execution took 2 ms, user function completed successfully
2018-04-08T01:14:23.727Z - info: User function triggered, starting execution
2018-04-08T01:14:23.930Z - info: Execution took 188 ms, user function completed successfully
2018-04-08T01:14:34.007Z - info: User function triggered, starting execution
2018-04-08T01:14:34.032Z - info: Execution took 22 ms, user function completed successfully
2018-04-08T01:14:34.193Z - info: User function triggered, starting execution
2018-04-08T01:14:34.199Z - info: Execution took 4 ms, user function completed successfully
2018-04-08T01:14:34.429Z - info: User function triggered, starting execution
Execution took 1 ms, user function completed successfully
2018-04-08T01:15:23.376Z - info: User function triggered, starting execution
2018-04-08T01:15:23.388Z - info: Execution took 12 ms, user function completed successfully
2018-04-08T01:15:27.136Z - info: User function triggered, starting execution
2018-04-08T01:15:27.143Z - info: Execution took 7 ms, user function completed successfully
2018-04-08T01:15:48.707Z - info: User function triggered, starting execution
2018-04-08T01:15:48.722Z - info: Execution took 4 ms, user function completed successfully
2018-04-08T01:15:49.145Z - info: User function triggered, starting execution
2018-04-08T01:15:49.148Z - info: Execution took 1 ms, user function completed successfully
2018-04-08T01:16:02.933Z - info: User function triggered, starting execution
2018-04-08T01:16:02.940Z - info: Execution took 1 ms, user function completed successfully
2018-04-08T01:17:45.139Z - info: User function triggered, starting execution
2018-04-08T01:17:45.239Z - info: Execution took 99 ms, user function completed successfully
2018-04-08T01:18:11.167Z - info: User function triggered, starting execution
2018-04-08T01:18:11.180Z - info: Execution took 11 ms, user function completed successfully
2018-04-08T01:18:24.673Z - info: User function triggered, starting execution
2018-04-08T01:18:24.689Z - info: Execution took 15 ms, user function completed successfully
2018-04-08T01:18:36.169Z - info: User function triggered, starting execution
2018-04-08T01:18:36.182Z - info: Execution took 11 ms, user function completed successfully
2018-04-08T01:19:01.780Z - info: User function triggered, starting execution
2018-04-08T01:19:01.796Z - info: Execution took 13 ms, user function completed successfully
2018-04-08T01:19:09.529Z - info: User function triggered, starting execution
2018-04-08T01:19:09.540Z - info: Execution took 8 ms, user function completed successfully
2018-04-08T01:19:28.188Z - info: User function triggered, starting execution
2018-04-08T01:19:28.192Z - info: Execution took 2 ms, user function completed successfully
2018-04-08T01:21:44.612Z - info: User function triggered, starting execution
2018-04-08T01:21:44.616Z - info: Execution took 4 ms, user function completed successfully
2018-04-08T01:22:25.896Z - info: User function triggered, starting execution
2018-04-08T01:22:25.988Z - info: Execution took 93 ms, user function completed successfully
2018-04-08T01:23:50.196Z - info: User function triggered, starting execution
2018-04-08T01:23:50.206Z - info: Execution took 8 ms, user function completed successfully
2018-04-08T01:23:50.503Z - info: User function triggered, starting execution
2018-04-08T01:23:50.509Z - info: Execution took 4 ms, user function completed successfully
2018-04-08T01:24:10.555Z - info: User function triggered, starting execution
2018-04-08T01:24:10.567Z - info: Execution took 9 ms, user function completed successfully
2018-04-08T01:36:48.953Z - info: User function triggered, starting execution
2018-04-08T01:36:49.055Z - info: Execution took 102 ms, user function completed successfully
2018-04-08T01:39:07.153Z - info: User function triggered, starting execution
2018-04-08T01:39:07.176Z - info: Execution took 18 ms, user function completed successfully
2018-04-08T01:49:56.924Z - info: User function triggered, starting execution
2018-04-08T01:49:57.197Z - info: Execution took 275 ms, user function completed successfully
2018-04-08T01:51:17.772Z - info: User function triggered, starting execution
2018-04-08T01:51:17.781Z - info: Execution took 9 ms, user function completed successfully
2018-04-08T01:55:04.035Z - info: User function triggered, starting execution
2018-04-08T01:55:04.043Z - info: Execution took 7 ms, user function completed successfully
2018-04-08T01:55:24.014Z - info: User function triggered, starting execution
2018-04-08T01:55:24.024Z - info: Execution took 8 ms, user function completed successfully
2018-04-08T01:57:01.439Z - info: User function triggered, starting execution
2018-04-08T01:57:01.448Z - info: Execution took 8 ms, user function completed successfully
2018-04-08T01:57:22.428Z - info: User function triggered, starting execution
2018-04-08T01:57:22.444Z - info: Execution took 14 ms, user function completed successfully
2018-04-08T01:57:43.511Z - info: User function triggered, starting execution
2018-04-08T01:57:43.514Z - info: Execution took 3 ms, user function completed successfully
2018-04-08T01:58:04.713Z - info: User function triggered, starting execution
2018-04-08T01:58:04.715Z - info: Execution took 2 ms, user function completed successfully
2018-04-08T01:59:12.528Z - info: User function triggered, starting execution
2018-04-08T01:59:12.537Z - info: Execution took 3 ms, user function completed successfully
2018-04-08T02:00:33.759Z - info: User function triggered, starting execution
2018-04-08T02:00:33.769Z - info: Execution took 3 ms, user function completed successfully
2018-04-08T02:01:37.352Z - info: User function triggered, starting execution
2018-04-08T02:01:37.356Z - info: Execution took 3 ms, user function completed successfully
2018-04-08T02:01:48.464Z - info: User function triggered, starting execution
2018-04-08T02:01:48.469Z - info: Execution took 2 ms, user function completed successfully
2018-04-08T02:04:02.148Z - info: User function triggered, starting execution
2018-04-08T02:04:02.151Z - info: Execution took 2 ms, user function completed successfully
2018-04-08T02:04:17.955Z - info: User function triggered, starting execution
2018-04-08T02:04:17.959Z - info: Execution took 2 ms, user function completed successfully
2018-04-08T02:04:32.657Z - info: User function triggered, starting execution
2018-04-08T02:04:32.660Z - info: Execution took 3 ms, user function completed successfully
2018-04-08T02:10:04.593Z - info: User function triggered, starting execution
2018-04-08T02:10:04.596Z - info: Execution took 3 ms, user function completed successfully
2018-04-08T02:10:08.784Z - info: User function triggered, starting execution
2018-04-08T02:10:08.788Z - info: Execution took 4 ms, user function completed successfully
2018-04-08T02:10:20.636Z - info: User function triggered, starting execution
2018-04-08T02:10:20.638Z - info: Execution took 2 ms, user function completed successfully
2018-04-08T02:11:49.876Z - info: User function triggered, starting execution
2018-04-08T02:11:49.880Z - info: Execution took 3 ms, user function completed successfully
2018-04-08T02:12:02.370Z - info: User function triggered, starting execution
2018-04-08T02:12:02.440Z - info: success
2018-04-08T02:12:02.476Z - error: FIREBASE WARNING: Using an unspecified index. Your data will be downloaded and filtered on the client. Consider adding ".indexOn": "email" at /users to your security rules for better performance. 
2018-04-08T02:12:02.480Z - info: Execution took 110 ms, user function completed successfully
2018-04-08T02:12:02.500Z - info: User function triggered, starting execution
2018-04-08T02:12:02.504Z - info: Execution took 2 ms, user function completed successfully
2018-04-08T02:12:43.933Z - info: User function triggered, starting execution
2018-04-08T02:12:43.937Z - info: Execution took 3 ms, user function completed successfully
2018-04-08T02:13:36.047Z - info: User function triggered, starting execution
2018-04-08T02:13:36.156Z - info: Execution took 108 ms, user function completed successfully
2018-04-08T02:13:41.626Z - info: User function triggered, starting execution
2018-04-08T02:13:41.638Z - info: Execution took 10 ms, user function completed successfully
2018-04-08T02:14:04.690Z - info: User function triggered, starting execution
2018-04-08T02:14:04.710Z - info: Execution took 17 ms, user function completed successfully
2018-04-08T02:17:57.690Z - info: User function triggered, starting execution
2018-04-08T02:17:57.699Z - info: Execution took 8 ms, user function completed successfully
2018-04-08T02:19:35.431Z - info: User function triggered, starting execution
2018-04-08T02:19:35.437Z - info: Execution took 4 ms, user function completed successfully
2018-04-08T02:20:12.504Z - info: User function triggered, starting execution
Execution took 2 ms, user function completed successfully
2018-04-08T02:21:42.884Z - info: User function triggered, starting execution
2018-04-08T02:21:42.887Z - info: Execution took 2 ms, user function completed successfully
2018-04-08T02:22:00.718Z - info: User function triggered, starting execution
Execution took 1 ms, user function completed successfully
2018-04-08T02:24:07.689Z - info: Worker for app closed due to file changes.
2018-04-08T02:24:38.892Z - info: User function triggered, starting execution
2018-04-08T02:24:38.980Z - info: Execution took 86 ms, user function completed successfully
2018-04-08T02:24:43.989Z - info: User function triggered, starting execution
2018-04-08T02:24:43.996Z - info: Execution took 5 ms, user function completed successfully
2018-04-08T02:25:19.404Z - info: User function triggered, starting execution
2018-04-08T02:25:19.413Z - info: Execution took 8 ms, user function completed successfully
2018-04-08T02:25:27.983Z - info: User function triggered, starting execution
2018-04-08T02:25:27.998Z - info: Execution took 14 ms, user function completed successfully
2018-04-08T02:25:30.697Z - info: User function triggered, starting execution
2018-04-08T02:25:30.710Z - info: Execution took 13 ms, user function completed successfully
2018-04-08T02:25:32.865Z - info: User function triggered, starting execution
2018-04-08T02:25:32.873Z - info: Execution took 9 ms, user function completed successfully
2018-04-08T02:37:36.770Z - info: User function triggered, starting execution
2018-04-08T02:37:36.908Z - info: Execution took 139 ms, user function completed successfully
2018-04-08T02:37:40.748Z - info: User function triggered, starting execution
2018-04-08T02:37:40.763Z - info: Execution took 14 ms, user function completed successfully
2018-04-08T02:40:53.819Z - info: User function triggered, starting execution
2018-04-08T02:40:53.829Z - info: Execution took 9 ms, user function completed successfully
2018-04-08T02:42:08.332Z - info: User function triggered, starting execution
2018-04-08T02:42:08.342Z - info: Execution took 9 ms, user function completed successfully
2018-04-08T02:43:48.317Z - info: User function triggered, starting execution
2018-04-08T02:43:48.321Z - info: Execution took 3 ms, user function completed successfully
2018-04-08T02:44:31.089Z - info: User function triggered, starting execution
2018-04-08T02:44:31.094Z - info: Execution took 2 ms, user function completed successfully
2018-04-08T02:44:34.065Z - info: User function triggered, starting execution
2018-04-08T02:44:34.067Z - info: Execution took 4 ms, user function completed successfully
2018-04-08T02:46:25.519Z - info: User function triggered, starting execution
Execution took 2 ms, user function completed successfully
2018-04-08T02:46:49.576Z - info: User function triggered, starting execution
Execution took 3 ms, user function completed successfully
2018-04-08T02:47:35.942Z - info: User function triggered, starting execution
2018-04-08T02:47:35.945Z - info: Execution took 1 ms, user function completed successfully
2018-04-08T02:47:56.141Z - info: User function triggered, starting execution
Execution took 3 ms, user function completed successfully
2018-04-08T02:48:32.613Z - info: User function triggered, starting execution
2018-04-08T02:48:32.619Z - info: Execution took 2 ms, user function completed successfully
2018-04-08T02:49:06.524Z - info: User function triggered, starting execution
2018-04-08T02:49:06.530Z - info: Execution took 3 ms, user function completed successfully
2018-04-08T02:49:29.457Z - info: User function triggered, starting execution
2018-04-08T02:49:29.470Z - info: Execution took 3 ms, user function completed successfully
2018-04-08T02:49:47.814Z - info: User function triggered, starting execution
2018-04-08T02:49:47.818Z - info: Execution took 3 ms, user function completed successfully
2018-04-08T02:50:11.651Z - info: User function triggered, starting execution
2018-04-08T02:50:11.655Z - info: Execution took 2 ms, user function completed successfully
2018-04-08T02:50:14.160Z - info: User function triggered, starting execution
2018-04-08T02:50:14.163Z - info: Execution took 2 ms, user function completed successfully
2018-04-08T03:49:58.350Z - info: User function triggered, starting execution
2018-04-08T03:49:58.473Z - info: Execution took 122 ms, user function completed successfully
2018-04-08T03:50:00.083Z - info: User function triggered, starting execution
2018-04-08T03:50:00.099Z - info: Execution took 7 ms, user function completed successfully
2018-04-08T03:50:00.614Z - info: User function triggered, starting execution
2018-04-08T03:50:00.622Z - info: Execution took 4 ms, user function completed successfully
2018-04-08T03:50:00.631Z - info: User function triggered, starting execution
2018-04-08T03:50:00.633Z - info: Execution took 1 ms, user function completed successfully
2018-04-08T15:23:26.340Z - info: User function triggered, starting execution
2018-04-08T15:23:26.574Z - info: Execution took 240 ms, user function completed successfully
2018-04-08T15:33:06.255Z - info: User function triggered, starting execution
2018-04-08T15:33:06.377Z - info: Execution took 123 ms, user function completed successfully
2018-04-08T15:34:00.630Z - info: User function triggered, starting execution
2018-04-08T15:34:00.765Z - info: Execution took 136 ms, user function completed successfully
2018-04-08T15:34:25.219Z - info: User function triggered, starting execution
2018-04-08T15:34:25.334Z - info: Execution took 116 ms, user function completed successfully
2018-04-08T16:02:40.072Z - info: User function triggered, starting execution
2018-04-08T16:02:40.265Z - info: Execution took 193 ms, user function completed successfully
2018-04-08T16:04:14.948Z - info: User function triggered, starting execution
2018-04-08T16:04:14.961Z - info: Execution took 10 ms, user function completed successfully
2018-04-08T16:05:17.652Z - info: User function triggered, starting execution
2018-04-08T16:05:17.750Z - info: Execution took 98 ms, user function completed successfully
2018-04-08T16:05:36.595Z - info: User function triggered, starting execution
2018-04-08T16:05:36.614Z - info: Execution took 19 ms, user function completed successfully
2018-04-08T16:05:44.345Z - info: User function triggered, starting execution
2018-04-08T16:05:44.359Z - info: Execution took 12 ms, user function completed successfully
2018-04-08T16:06:00.130Z - info: User function triggered, starting execution
2018-04-08T16:06:00.156Z - info: Execution took 25 ms, user function completed successfully
2018-04-08T16:10:32.730Z - info: User function triggered, starting execution
2018-04-08T16:10:32.740Z - info: Execution took 10 ms, user function completed successfully
2018-04-08T16:12:15.297Z - info: User function triggered, starting execution
2018-04-08T16:12:15.450Z - info: Execution took 6 ms, user function completed successfully
2018-04-08T16:15:24.350Z - info: User function triggered, starting execution
2018-04-08T16:15:24.356Z - info: Execution took 3 ms, user function completed successfully
2018-04-08T16:15:41.644Z - info: User function triggered, starting execution
2018-04-08T16:15:41.648Z - info: Execution took 1 ms, user function completed successfully
2018-04-08T16:15:50.686Z - info: User function triggered, starting execution
2018-04-08T16:15:50.692Z - info: Execution took 3 ms, user function completed successfully
2018-04-08T16:16:01.036Z - info: User function triggered, starting execution
2018-04-08T16:16:01.038Z - info: Execution took 2 ms, user function completed successfully
2018-04-08T16:16:02.567Z - info: User function triggered, starting execution
2018-04-08T16:16:02.571Z - info: Execution took 2 ms, user function completed successfully
2018-04-08T16:16:11.272Z - info: User function triggered, starting execution
2018-04-08T16:16:11.275Z - info: Execution took 2 ms, user function completed successfully
2018-04-08T16:16:28.972Z - info: User function triggered, starting execution
2018-04-08T16:16:28.974Z - info: Execution took 2 ms, user function completed successfully
2018-04-08T16:16:30.104Z - info: User function triggered, starting execution
2018-04-08T16:16:30.106Z - info: Execution took 3 ms, user function completed successfully
2018-04-08T16:17:19.466Z - info: User function triggered, starting execution
2018-04-08T16:17:19.472Z - info: Execution took 5 ms, user function completed successfully
2018-04-08T16:18:27.806Z - info: User function triggered, starting execution
2018-04-08T16:18:27.936Z - info: Execution took 126 ms, user function completed successfully
2018-04-08T16:19:44.643Z - info: User function triggered, starting execution
2018-04-08T16:19:44.668Z - info: Execution took 16 ms, user function completed successfully
2018-04-08T16:20:51.348Z - info: User function triggered, starting execution
2018-04-08T16:20:51.358Z - info: Execution took 8 ms, user function completed successfully
2018-04-08T16:23:25.965Z - info: Worker for app closed due to file changes.
2018-04-08T16:23:48.531Z - info: User function triggered, starting execution
2018-04-08T16:23:48.640Z - info: Execution took 107 ms, user function completed successfully
2018-04-08T16:23:49.994Z - info: User function triggered, starting execution
2018-04-08T16:23:50.002Z - info: Execution took 7 ms, user function completed successfully
2018-04-08T16:24:08.766Z - info: User function triggered, starting execution
2018-04-08T16:24:08.780Z - info: Execution took 12 ms, user function completed successfully
2018-04-08T16:26:45.319Z - info: User function triggered, starting execution
2018-04-08T16:26:45.330Z - info: Execution took 10 ms, user function completed successfully
2018-04-08T16:26:54.746Z - info: User function triggered, starting execution
2018-04-08T16:26:54.759Z - info: Execution took 13 ms, user function completed successfully
2018-04-08T16:27:13.503Z - info: User function triggered, starting execution
2018-04-08T16:27:13.509Z - info: Execution took 8 ms, user function completed successfully
2018-04-08T16:29:02.421Z - info: User function triggered, starting execution
2018-04-08T16:29:02.429Z - info: Execution took 2 ms, user function completed successfully
2018-04-08T16:29:35.094Z - info: User function triggered, starting execution
2018-04-08T16:29:35.098Z - info: Execution took 3 ms, user function completed successfully
2018-04-08T16:29:40.980Z - info: User function triggered, starting execution
2018-04-08T16:29:40.985Z - info: Execution took 2 ms, user function completed successfully
2018-04-08T16:29:45.681Z - info: User function triggered, starting execution
2018-04-08T16:29:45.683Z - info: Execution took 1 ms, user function completed successfully
